#
# A fatal error has been detected by the Java Runtime Environment:
#
#  SIGSEGV (0xb) at pc=0x00007f4c8c8290ba, pid=19943, tid=139966041765632
#
# JRE version: OpenJDK Runtime Environment (8.0_91-b14) (build 1.8.0_91-8u91-b14-3ubuntu1~16.04.1-b14)
# Java VM: OpenJDK 64-Bit Server VM (25.91-b14 mixed mode linux-amd64 compressed oops)
# Problematic frame:
# v  ~BufferBlob::jni_fast_GetLongField
#
# Failed to write core dump. Core dumps have been disabled. To enable core dumping, try "ulimit -c unlimited" before starting Java again
#
# If you would like to submit a bug report, please visit:
#   http://bugreport.java.com/bugreport/crash.jsp
# The crash happened outside the Java Virtual Machine in native code.
# See problematic frame for where to report the bug.
#

---------------  T H R E A D  ---------------

Current thread (0x00007f4c9c31b000):  JavaThread "AWT-XAWT" daemon [_thread_in_native, id=19962, stack(0x00007f4c62233000,0x00007f4c62334000)]

siginfo: si_signo: 11 (SIGSEGV), si_code: 1 (SEGV_MAPERR), si_addr: 0x0000000000000000

Registers:
RAX=0x00007f4ca2019e80, RBX=0x00007f4c9c31b1e0, RCX=0x0000000000000000, RDX=0x0000000000000042
RSP=0x00007f4c62332838, RBP=0x00007f4c62332860, RSI=0x0000000000000000, RDI=0x00007f4c9c31b1e0
R8 =0x00000000f173be50, R9 =0x0000000000000000, R10=0x0000000000000030, R11=0x00007f4c8cad9f98
R12=0x00007f4c48008fc0, R13=0x0000000000000000, R14=0x00007f4c88440b00, R15=0x00007f4c9c31b000
RIP=0x00007f4c8c8290ba, EFLAGS=0x0000000000010246, CSGSFS=0x0000000000000033, ERR=0x0000000000000004
  TRAPNO=0x000000000000000e

Top of Stack: (sp=0x00007f4c62332838)
0x00007f4c62332838:   00007f4c8821df34 00007f4c8a4d53c0
0x00007f4c62332848:   00007f4c48008fc0 00007f4c62332910
0x00007f4c62332858:   00007f4c623328e0 0000000000000000
0x00007f4c62332868:   00007f4c63b183c0 00007f4c8a4d53c0
0x00007f4c62332878:   00007f4c623328a0 0000000000000000
0x00007f4c62332888:   00007f4c63b0ff93 00007f4c62332910
0x00007f4c62332898:   00007f4c88215caf 00007f4c623328f0
0x00007f4c623328a8:   00007f4c8cada036 0000000000000000
0x00007f4c623328b8:   00007f4c8caaf6b6 00007f4c62332910
0x00007f4c623328c8:   00007f4c8c8e4e2c 00000000f119b650
0x00007f4c623328d8:   00000000f1700cc8 00000000f1801b18
0x00007f4c623328e8:   00000000f173fd90 00007f4c62332970
0x00007f4c623328f8:   00007f4c8c7c77d0 00007f4c62332970
0x00007f4c62332908:   00007f4c8c7c77d0 0000000000000000
0x00007f4c62332918:   00007f4c8c7c7b10 00007f4c50000e30
0x00007f4c62332928:   00000000f1700cc8 00007f4c62332930
0x00007f4c62332938:   00007f4c8a5856fc 00007f4c623329b8
0x00007f4c62332948:   00007f4c8a58f428 0000000000000000
0x00007f4c62332958:   00007f4c8a585838 00007f4c62332910
0x00007f4c62332968:   00007f4c623329b0 00007f4c62332a00
0x00007f4c62332978:   00007f4c8c7c7ffd 0000000000000000
0x00007f4c62332988:   00000000f104c0c8 0000000000000000
0x00007f4c62332998:   0000000000000000 0000000000000000
0x00007f4c623329a8:   00000000f1700cc8 0000000000000000
0x00007f4c623329b8:   00000000f1700c70 00007f4c623329c0
0x00007f4c623329c8:   00007f4c8a58553d 00007f4c62332a10
0x00007f4c623329d8:   00007f4c8a58f428 0000000000000000
0x00007f4c623329e8:   00007f4c8a585548 00007f4c623329b0
0x00007f4c623329f8:   00007f4c62332a10 00007f4c62332a58
0x00007f4c62332a08:   00007f4c8c7c8042 00000000f1700c70
0x00007f4c62332a18:   00007f4c62332a18 00007f4c89f5498b
0x00007f4c62332a28:   00007f4c62332a68 00007f4c89fdbe48 

Instructions: (pc=0x00007f4c8c8290ba)
0x00007f4c8c82909a:   00 00 00 00 00 00 44 8b 15 2d d8 81 15 4c 8b ce
0x00007f4c8c8290aa:   41 f6 c2 01 0f 85 2e 00 00 00 4d 33 ca 4d 33 ca
0x00007f4c8c8290ba:   4d 8b 09 4c 8b da 49 c1 eb 02 4b 8b 04 19 49 bb
0x00007f4c8c8290ca:   d4 68 04 a2 4c 7f 00 00 4c 33 d8 4c 33 d8 45 3b 

Register to memory mapping:

RAX=0x00007f4ca2019e80: <offset 0xee8e80> in /usr/lib/jvm/java-8-openjdk-amd64/jre/lib/amd64/server/libjvm.so at 0x00007f4ca1131000
RBX=0x00007f4c9c31b1e0 is an unknown value
RCX=0x0000000000000000 is an unknown value
RDX=0x0000000000000042 is an unknown value
RSP=0x00007f4c62332838 is pointing into the stack for thread: 0x00007f4c9c31b000
RBP=0x00007f4c62332860 is pointing into the stack for thread: 0x00007f4c9c31b000
RSI=0x0000000000000000 is an unknown value
RDI=0x00007f4c9c31b1e0 is an unknown value
R8 =0x00000000f173be50 is an oop
sun.util.logging.PlatformLogger$Level 
 - klass: 'sun/util/logging/PlatformLogger$Level'
R9 =0x0000000000000000 is an unknown value
R10=0x0000000000000030 is an unknown value
R11=0x00007f4c8cad9f98 is at entry_point+24 in (nmethod*)0x00007f4c8cad9e10
R12=0x00007f4c48008fc0 is an unknown value
R13=0x0000000000000000 is an unknown value
R14=0x00007f4c88440b00: <offset 0x258b00> in /usr/lib/jvm/java-8-openjdk-amd64/jre/lib/amd64/libawt_xawt.so at 0x00007f4c881e8000
R15=0x00007f4c9c31b000 is a thread


Stack: [0x00007f4c62233000,0x00007f4c62334000],  sp=0x00007f4c62332838,  free space=1022k
Native frames: (J=compiled Java code, j=interpreted, Vv=VM code, C=native code)
v  ~BufferBlob::jni_fast_GetLongField
C  [libX11.so.6+0x643c0]  _XimServerDestroy+0x70

Java frames: (J=compiled Java code, j=interpreted, Vv=VM code)
J 895  sun.awt.X11.XlibWrapper.XFilterEvent(JJ)Z (0 bytes) @ 0x00007f4c8cad9fc4 [0x00007f4c8cad9f80+0x44]
j  sun.awt.X11.XToolkit.run(Z)V+300
j  sun.awt.X11.XToolkit.run()V+5
j  java.lang.Thread.run()V+11
v  ~StubRoutines::call_stub

---------------  P R O C E S S  ---------------

Java Threads: ( => current thread )
  0x00000000025f1000 JavaThread "XToolkt-Shutdown-Thread" [_thread_blocked, id=23988, stack(0x00007f4c61383000,0x00007f4c61484000)]
  0x00007f4c6c002800 JavaThread "SIGTERM handler" daemon [_thread_blocked, id=23987, stack(0x00007f4c61484000,0x00007f4c61585000)]
  0x00007f4c6c001000 JavaThread "SIGHUP handler" daemon [_thread_blocked, id=23986, stack(0x00007f4c61585000,0x00007f4c61686000)]
  0x00007f4c9c00a000 JavaThread "DestroyJavaVM" [_thread_blocked, id=19945, stack(0x00007f4ca2d78000,0x00007f4ca2e79000)]
  0x00007f4c9c33d000 JavaThread "AWT-EventQueue-0" [_thread_blocked, id=19964, stack(0x00007f4c62031000,0x00007f4c62132000)]
  0x00007f4c9c339000 JavaThread "AWT-Shutdown" [_thread_blocked, id=19963, stack(0x00007f4c62132000,0x00007f4c62233000)]
=>0x00007f4c9c31b000 JavaThread "AWT-XAWT" daemon [_thread_in_native, id=19962, stack(0x00007f4c62233000,0x00007f4c62334000)]
  0x00007f4c9c2f5000 JavaThread "Java2D Disposer" daemon [_thread_blocked, id=19961, stack(0x00007f4c880a8000,0x00007f4c881a9000)]
  0x00007f4c9c0ae800 JavaThread "Service Thread" daemon [_thread_blocked, id=19959, stack(0x00007f4c88888000,0x00007f4c88989000)]
  0x00007f4c9c0ac000 JavaThread "C1 CompilerThread1" daemon [_thread_blocked, id=19958, stack(0x00007f4c88989000,0x00007f4c88a8a000)]
  0x00007f4c9c0a9000 JavaThread "C2 CompilerThread0" daemon [_thread_blocked, id=19957, stack(0x00007f4c88a8a000,0x00007f4c88b8b000)]
  0x00007f4c9c0a7000 JavaThread "Signal Dispatcher" daemon [_thread_blocked, id=19956, stack(0x00007f4c88b8b000,0x00007f4c88c8c000)]
  0x00007f4c9c07f800 JavaThread "Finalizer" daemon [_thread_blocked, id=19955, stack(0x00007f4c89095000,0x00007f4c89196000)]
  0x00007f4c9c07a800 JavaThread "Reference Handler" daemon [_thread_blocked, id=19954, stack(0x00007f4c89196000,0x00007f4c89297000)]

Other Threads:
  0x00007f4c9c073000 VMThread [stack: 0x00007f4c89297000,0x00007f4c89398000] [id=19953]
  0x00007f4c9c0b5800 WatcherThread [stack: 0x00007f4c88787000,0x00007f4c88888000] [id=19960]

VM state:not at safepoint (normal execution)

VM Mutex/Monitor currently owned by a thread: None

Heap:
 PSYoungGen      total 13824K, used 8813K [0x00000000f0b00000, 0x00000000f1a00000, 0x0000000100000000)
  eden space 12288K, 59% used [0x00000000f0b00000,0x00000000f121ba50,0x00000000f1700000)
  from space 1536K, 99% used [0x00000000f1700000,0x00000000f187fbe0,0x00000000f1880000)
  to   space 1536K, 0% used [0x00000000f1880000,0x00000000f1880000,0x00000000f1a00000)
 ParOldGen       total 31744K, used 1276K [0x00000000d2000000, 0x00000000d3f00000, 0x00000000f0b00000)
  object space 31744K, 4% used [0x00000000d2000000,0x00000000d213f3f0,0x00000000d3f00000)
 Metaspace       used 11191K, capacity 11356K, committed 11520K, reserved 1058816K
  class space    used 1171K, capacity 1251K, committed 1280K, reserved 1048576K

Card table byte_map: [0x00007f4c8c28f000,0x00007f4c8c400000] byte_map_base: 0x00007f4c8bbff000

Marking Bits: (ParMarkBitMap*) 0x00007f4ca2045fc0
 Begin Bits: [0x00007f4c8a897000, 0x00007f4c8b417000)
 End Bits:   [0x00007f4c8b417000, 0x00007f4c8bf97000)

Polling page: 0x00007f4ca2e97000

CodeCache: size=245760Kb used=3308Kb max_used=3318Kb free=242451Kb
 bounds [0x00007f4c8c7c0000, 0x00007f4c8cb00000, 0x00007f4c9b7c0000]
 total_blobs=1470 nmethods=921 adapters=465
 compilation: enabled

Compilation events (10 events):
Event: 7199,053 Thread 0x00007f4c9c0a9000  917       4       sun.awt.X11.XEvent::get_type (18 bytes)
Event: 7199,193 Thread 0x00007f4c9c0a9000 nmethod 917 0x00007f4c8caf8250 code [0x00007f4c8caf83c0, 0x00007f4c8caf8558]
Event: 7255,773 Thread 0x00007f4c9c0ac000  918       1       sun.awt.X11.XEvent::getPData (5 bytes)
Event: 7255,773 Thread 0x00007f4c9c0ac000 nmethod 918 0x00007f4c8caf7f90 code [0x00007f4c8caf80e0, 0x00007f4c8caf81f0]
Event: 7964,515 Thread 0x00007f4c9c0a9000  919       4       java.util.TreeMap::getEntry (84 bytes)
Event: 7964,520 Thread 0x00007f4c9c0a9000 nmethod 919 0x00007f4c8caf7b10 code [0x00007f4c8caf7c60, 0x00007f4c8caf7dd8]
Event: 8903,150 Thread 0x00007f4c9c0a9000  920   !   4       sun.awt.X11.XToolkit::windowToXWindow (27 bytes)
Event: 8903,157 Thread 0x00007f4c9c0a9000 nmethod 920 0x00007f4c8cafd190 code [0x00007f4c8cafd320, 0x00007f4c8cafd878]
Event: 10566,034 Thread 0x00007f4c9c0a9000  921       4       java.util.HashMap::get (23 bytes)
Event: 10566,102 Thread 0x00007f4c9c0a9000 nmethod 921 0x00007f4c8cafca50 code [0x00007f4c8cafcbc0, 0x00007f4c8cafce78]

GC Heap History (2 events):
Event: 1,985 GC heap before
{Heap before GC invocations=1 (full 0):
 PSYoungGen      total 13824K, used 12288K [0x00000000f0b00000, 0x00000000f1a00000, 0x0000000100000000)
  eden space 12288K, 100% used [0x00000000f0b00000,0x00000000f1700000,0x00000000f1700000)
  from space 1536K, 0% used [0x00000000f1880000,0x00000000f1880000,0x00000000f1a00000)
  to   space 1536K, 0% used [0x00000000f1700000,0x00000000f1700000,0x00000000f1880000)
 ParOldGen       total 31744K, used 0K [0x00000000d2000000, 0x00000000d3f00000, 0x00000000f0b00000)
  object space 31744K, 0% used [0x00000000d2000000,0x00000000d2000000,0x00000000d3f00000)
 Metaspace       used 9602K, capacity 9788K, committed 10112K, reserved 1058816K
  class space    used 1016K, capacity 1091K, committed 1152K, reserved 1048576K
Event: 1,994 GC heap after
Heap after GC invocations=1 (full 0):
 PSYoungGen      total 13824K, used 1534K [0x00000000f0b00000, 0x00000000f1a00000, 0x0000000100000000)
  eden space 12288K, 0% used [0x00000000f0b00000,0x00000000f0b00000,0x00000000f1700000)
  from space 1536K, 99% used [0x00000000f1700000,0x00000000f187fbe0,0x00000000f1880000)
  to   space 1536K, 0% used [0x00000000f1880000,0x00000000f1880000,0x00000000f1a00000)
 ParOldGen       total 31744K, used 1276K [0x00000000d2000000, 0x00000000d3f00000, 0x00000000f0b00000)
  object space 31744K, 4% used [0x00000000d2000000,0x00000000d213f3f0,0x00000000d3f00000)
 Metaspace       used 9602K, capacity 9788K, committed 10112K, reserved 1058816K
  class space    used 1016K, capacity 1091K, committed 1152K, reserved 1048576K
}

Deoptimization events (3 events):
Event: 1,375 Thread 0x00007f4c9c00a000 Uncommon trap: reason=unstable_if action=reinterpret pc=0x00007f4c8c958b78 method=java.lang.String.indexOf([CII[CIII)I @ 134
Event: 1,981 Thread 0x00007f4c9c00a000 Uncommon trap: reason=unstable_if action=reinterpret pc=0x00007f4c8ca01620 method=java.lang.CharacterData.of(I)Ljava/lang/CharacterData; @ 4
Event: 2,304 Thread 0x00007f4c9c31b000 Uncommon trap: reason=unstable_if action=reinterpret pc=0x00007f4c8ca30118 method=java.lang.ThreadLocal.get()Ljava/lang/Object; @ 11

Internal exceptions (10 events):
Event: 0,626 Thread 0x00007f4c9c00a000 Exception <a 'java/security/PrivilegedActionException'> (0x00000000f0d1b148) thrown at [/build/openjdk-8-W1Ghxo/openjdk-8-8u91-b14/src/hotspot/src/share/vm/prims/jvm.cpp, line 1386]
Event: 0,626 Thread 0x00007f4c9c00a000 Exception <a 'java/security/PrivilegedActionException'> (0x00000000f0d1b540) thrown at [/build/openjdk-8-W1Ghxo/openjdk-8-8u91-b14/src/hotspot/src/share/vm/prims/jvm.cpp, line 1386]
Event: 0,626 Thread 0x00007f4c9c00a000 Exception <a 'java/security/PrivilegedActionException'> (0x00000000f0d1c3e0) thrown at [/build/openjdk-8-W1Ghxo/openjdk-8-8u91-b14/src/hotspot/src/share/vm/prims/jvm.cpp, line 1386]
Event: 0,626 Thread 0x00007f4c9c00a000 Exception <a 'java/security/PrivilegedActionException'> (0x00000000f0d1c7d8) thrown at [/build/openjdk-8-W1Ghxo/openjdk-8-8u91-b14/src/hotspot/src/share/vm/prims/jvm.cpp, line 1386]
Event: 1,023 Thread 0x00007f4c9c00a000 Exception <a 'java/lang/NoSuchFieldError': method resolution failed> (0x00000000f109f7a8) thrown at [/build/openjdk-8-W1Ghxo/openjdk-8-8u91-b14/src/hotspot/src/share/vm/prims/methodHandles.cpp, line 1146]
Event: 1,027 Thread 0x00007f4c9c00a000 Exception <a 'java/lang/NoSuchFieldError': method resolution failed> (0x00000000f10ad198) thrown at [/build/openjdk-8-W1Ghxo/openjdk-8-8u91-b14/src/hotspot/src/share/vm/prims/methodHandles.cpp, line 1146]
Event: 1,144 Thread 0x00007f4c9c00a000 Exception <a 'java/io/FileNotFoundException'> (0x00000000f112cd10) thrown at [/build/openjdk-8-W1Ghxo/openjdk-8-8u91-b14/src/hotspot/src/share/vm/prims/jni.cpp, line 709]
Event: 1,144 Thread 0x00007f4c9c00a000 Exception <a 'java/io/FileNotFoundException'> (0x00000000f112d7c0) thrown at [/build/openjdk-8-W1Ghxo/openjdk-8-8u91-b14/src/hotspot/src/share/vm/prims/jni.cpp, line 709]
Event: 1,374 Thread 0x00007f4c9c00a000 Exception <a 'java/lang/ClassNotFoundException': sun/dc/DuctusRenderingEngine> (0x00000000f121c5d8) thrown at [/build/openjdk-8-W1Ghxo/openjdk-8-8u91-b14/src/hotspot/src/share/vm/classfile/systemDictionary.cpp, line 210]
Event: 2,304 Thread 0x00007f4c9c31b000 Implicit null exception at 0x00007f4c8ca3003c to 0x00007f4c8ca30101

Events (10 events):
Event: 6,184 loading class java/util/EventListenerProxy done
Event: 6,184 loading class java/awt/event/AWTEventListenerProxy done
Event: 6,184 loading class java/awt/Toolkit$ToolkitEventMulticaster
Event: 6,184 loading class java/awt/Toolkit$ToolkitEventMulticaster done
Event: 573,615 loading class sun/awt/X11/XkbEvent
Event: 573,615 loading class sun/awt/X11/XkbEvent done
Event: 573,615 loading class sun/awt/X11/XkbAnyEvent
Event: 573,615 loading class sun/awt/X11/XkbAnyEvent done
Event: 10640,260 loading class sun/misc/Signal$1
Event: 10640,260 loading class sun/misc/Signal$1 done


Dynamic libraries:
00400000-00401000 r-xp 00000000 08:01 6162996                            /usr/lib/jvm/java-8-openjdk-amd64/jre/bin/java
00600000-00601000 r--p 00000000 08:01 6162996                            /usr/lib/jvm/java-8-openjdk-amd64/jre/bin/java
00601000-00602000 rw-p 00001000 08:01 6162996                            /usr/lib/jvm/java-8-openjdk-amd64/jre/bin/java
025db000-025fc000 rw-p 00000000 00:00 0                                  [heap]
d2000000-d3f00000 rw-p 00000000 00:00 0 
d3f00000-f0b00000 ---p 00000000 00:00 0 
f0b00000-f1a00000 rw-p 00000000 00:00 0 
f1a00000-100000000 ---p 00000000 00:00 0 
100000000-100140000 rw-p 00000000 00:00 0 
100140000-140000000 ---p 00000000 00:00 0 
7f4c48000000-7f4c48026000 rw-p 00000000 00:00 0 
7f4c48026000-7f4c4c000000 ---p 00000000 00:00 0 
7f4c50000000-7f4c50021000 rw-p 00000000 00:00 0 
7f4c50021000-7f4c54000000 ---p 00000000 00:00 0 
7f4c54000000-7f4c54021000 rw-p 00000000 00:00 0 
7f4c54021000-7f4c58000000 ---p 00000000 00:00 0 
7f4c58000000-7f4c58021000 rw-p 00000000 00:00 0 
7f4c58021000-7f4c5c000000 ---p 00000000 00:00 0 
7f4c5c000000-7f4c5c021000 rw-p 00000000 00:00 0 
7f4c5c021000-7f4c60000000 ---p 00000000 00:00 0 
7f4c61287000-7f4c61288000 r--s 00000000 08:01 6953972                    /var/cache/fontconfig/087e1975ba9a574b140bb1df193bf770-le64.cache-6
7f4c61288000-7f4c61293000 r--s 00000000 08:01 6949260                    /var/cache/fontconfig/945677eb7aeaf62f1d50efc3fb3ec7d8-le64.cache-6
7f4c61293000-7f4c61299000 r--s 00000000 08:01 6953961                    /var/cache/fontconfig/2cd17615ca594fa2959ae173292e504c-le64.cache-6
7f4c61383000-7f4c61386000 ---p 00000000 00:00 0 
7f4c61386000-7f4c61484000 rw-p 00000000 00:00 0 
7f4c61484000-7f4c61487000 ---p 00000000 00:00 0 
7f4c61487000-7f4c61585000 rw-p 00000000 00:00 0 
7f4c61585000-7f4c61588000 ---p 00000000 00:00 0 
7f4c61588000-7f4c61686000 rw-p 00000000 00:00 0 
7f4c61686000-7f4c61705000 rw-s 00000000 00:05 9699346                    /SYSV00000000 (deleted)
7f4c61705000-7f4c61716000 r-xp 00000000 08:01 6163047                    /usr/lib/jvm/java-8-openjdk-amd64/jre/lib/amd64/libnio.so
7f4c61716000-7f4c61916000 ---p 00011000 08:01 6163047                    /usr/lib/jvm/java-8-openjdk-amd64/jre/lib/amd64/libnio.so
7f4c61916000-7f4c61917000 r--p 00011000 08:01 6163047                    /usr/lib/jvm/java-8-openjdk-amd64/jre/lib/amd64/libnio.so
7f4c61917000-7f4c61918000 rw-p 00012000 08:01 6163047                    /usr/lib/jvm/java-8-openjdk-amd64/jre/lib/amd64/libnio.so
7f4c61918000-7f4c61c19000 rw-p 00000000 00:00 0 
7f4c61c19000-7f4c61c30000 r-xp 00000000 08:01 6163021                    /usr/lib/jvm/java-8-openjdk-amd64/jre/lib/amd64/libnet.so
7f4c61c30000-7f4c61e2f000 ---p 00017000 08:01 6163021                    /usr/lib/jvm/java-8-openjdk-amd64/jre/lib/amd64/libnet.so
7f4c61e2f000-7f4c61e30000 r--p 00016000 08:01 6163021                    /usr/lib/jvm/java-8-openjdk-amd64/jre/lib/amd64/libnet.so
7f4c61e30000-7f4c61e31000 rw-p 00017000 08:01 6163021                    /usr/lib/jvm/java-8-openjdk-amd64/jre/lib/amd64/libnet.so
7f4c61e31000-7f4c62031000 rw-p 00000000 00:00 0 
7f4c62031000-7f4c62034000 ---p 00000000 00:00 0 
7f4c62034000-7f4c62132000 rw-p 00000000 00:00 0 
7f4c62132000-7f4c62135000 ---p 00000000 00:00 0 
7f4c62135000-7f4c62233000 rw-p 00000000 00:00 0 
7f4c62233000-7f4c62236000 ---p 00000000 00:00 0 
7f4c62236000-7f4c62334000 rw-p 00000000 00:00 0 
7f4c62334000-7f4c62339000 r-xp 00000000 08:01 6035082                    /usr/lib/x86_64-linux-gnu/libXfixes.so.3.1.0
7f4c62339000-7f4c62538000 ---p 00005000 08:01 6035082                    /usr/lib/x86_64-linux-gnu/libXfixes.so.3.1.0
7f4c62538000-7f4c62539000 r--p 00004000 08:01 6035082                    /usr/lib/x86_64-linux-gnu/libXfixes.so.3.1.0
7f4c62539000-7f4c6253a000 rw-p 00005000 08:01 6035082                    /usr/lib/x86_64-linux-gnu/libXfixes.so.3.1.0
7f4c6253a000-7f4c62543000 r-xp 00000000 08:01 6037095                    /usr/lib/x86_64-linux-gnu/libXcursor.so.1.0.2
7f4c62543000-7f4c62742000 ---p 00009000 08:01 6037095                    /usr/lib/x86_64-linux-gnu/libXcursor.so.1.0.2
7f4c62742000-7f4c62743000 r--p 00008000 08:01 6037095                    /usr/lib/x86_64-linux-gnu/libXcursor.so.1.0.2
7f4c62743000-7f4c62744000 rw-p 00009000 08:01 6037095                    /usr/lib/x86_64-linux-gnu/libXcursor.so.1.0.2
7f4c62744000-7f4c62768000 r-xp 00000000 08:01 14418603                   /lib/x86_64-linux-gnu/libpng12.so.0.54.0
7f4c62768000-7f4c62967000 ---p 00024000 08:01 14418603                   /lib/x86_64-linux-gnu/libpng12.so.0.54.0
7f4c62967000-7f4c62968000 r--p 00023000 08:01 14418603                   /lib/x86_64-linux-gnu/libpng12.so.0.54.0
7f4c62968000-7f4c62969000 rw-p 00024000 08:01 14418603                   /lib/x86_64-linux-gnu/libpng12.so.0.54.0
7f4c62969000-7f4c62a0d000 r-xp 00000000 08:01 6030557                    /usr/lib/x86_64-linux-gnu/libfreetype.so.6.12.1
7f4c62a0d000-7f4c62c0c000 ---p 000a4000 08:01 6030557                    /usr/lib/x86_64-linux-gnu/libfreetype.so.6.12.1
7f4c62c0c000-7f4c62c12000 r--p 000a3000 08:01 6030557                    /usr/lib/x86_64-linux-gnu/libfreetype.so.6.12.1
7f4c62c12000-7f4c62c13000 rw-p 000a9000 08:01 6030557                    /usr/lib/x86_64-linux-gnu/libfreetype.so.6.12.1
7f4c62c13000-7f4c62c65000 r-xp 00000000 08:01 6163019                    /usr/lib/jvm/java-8-openjdk-amd64/jre/lib/amd64/libfontmanager.so
7f4c62c65000-7f4c62e65000 ---p 00052000 08:01 6163019                    /usr/lib/jvm/java-8-openjdk-amd64/jre/lib/amd64/libfontmanager.so
7f4c62e65000-7f4c62e67000 r--p 00052000 08:01 6163019                    /usr/lib/jvm/java-8-openjdk-amd64/jre/lib/amd64/libfontmanager.so
7f4c62e67000-7f4c62e68000 rw-p 00054000 08:01 6163019                    /usr/lib/jvm/java-8-openjdk-amd64/jre/lib/amd64/libfontmanager.so
7f4c62e68000-7f4c62e6d000 r-xp 00000000 08:01 6031700                    /usr/lib/x86_64-linux-gnu/libXdmcp.so.6.0.0
7f4c62e6d000-7f4c6306c000 ---p 00005000 08:01 6031700                    /usr/lib/x86_64-linux-gnu/libXdmcp.so.6.0.0
7f4c6306c000-7f4c6306d000 r--p 00004000 08:01 6031700                    /usr/lib/x86_64-linux-gnu/libXdmcp.so.6.0.0
7f4c6306d000-7f4c6306e000 rw-p 00005000 08:01 6031700                    /usr/lib/x86_64-linux-gnu/libXdmcp.so.6.0.0
7f4c6306e000-7f4c63070000 r-xp 00000000 08:01 6037088                    /usr/lib/x86_64-linux-gnu/libXau.so.6.0.0
7f4c63070000-7f4c63270000 ---p 00002000 08:01 6037088                    /usr/lib/x86_64-linux-gnu/libXau.so.6.0.0
7f4c63270000-7f4c63271000 r--p 00002000 08:01 6037088                    /usr/lib/x86_64-linux-gnu/libXau.so.6.0.0
7f4c63271000-7f4c63272000 rw-p 00003000 08:01 6037088                    /usr/lib/x86_64-linux-gnu/libXau.so.6.0.0
7f4c63272000-7f4c63293000 r-xp 00000000 08:01 6031730                    /usr/lib/x86_64-linux-gnu/libxcb.so.1.1.0
7f4c63293000-7f4c63492000 ---p 00021000 08:01 6031730                    /usr/lib/x86_64-linux-gnu/libxcb.so.1.1.0
7f4c63492000-7f4c63493000 r--p 00020000 08:01 6031730                    /usr/lib/x86_64-linux-gnu/libxcb.so.1.1.0
7f4c63493000-7f4c63494000 rw-p 00021000 08:01 6031730                    /usr/lib/x86_64-linux-gnu/libxcb.so.1.1.0
7f4c63494000-7f4c634a3000 r-xp 00000000 08:01 6035086                    /usr/lib/x86_64-linux-gnu/libXi.so.6.1.0
7f4c634a3000-7f4c636a2000 ---p 0000f000 08:01 6035086                    /usr/lib/x86_64-linux-gnu/libXi.so.6.1.0
7f4c636a2000-7f4c636a3000 r--p 0000e000 08:01 6035086                    /usr/lib/x86_64-linux-gnu/libXi.so.6.1.0
7f4c636a3000-7f4c636a4000 rw-p 0000f000 08:01 6035086                    /usr/lib/x86_64-linux-gnu/libXi.so.6.1.0
7f4c636a4000-7f4c636a9000 r-xp 00000000 08:01 6037129                    /usr/lib/x86_64-linux-gnu/libXtst.so.6.1.0
7f4c636a9000-7f4c638a8000 ---p 00005000 08:01 6037129                    /usr/lib/x86_64-linux-gnu/libXtst.so.6.1.0
7f4c638a8000-7f4c638a9000 r--p 00004000 08:01 6037129                    /usr/lib/x86_64-linux-gnu/libXtst.so.6.1.0
7f4c638a9000-7f4c638aa000 rw-p 00005000 08:01 6037129                    /usr/lib/x86_64-linux-gnu/libXtst.so.6.1.0
7f4c638aa000-7f4c638b3000 r-xp 00000000 08:01 6030569                    /usr/lib/x86_64-linux-gnu/libXrender.so.1.3.0
7f4c638b3000-7f4c63ab2000 ---p 00009000 08:01 6030569                    /usr/lib/x86_64-linux-gnu/libXrender.so.1.3.0
7f4c63ab2000-7f4c63ab3000 r--p 00008000 08:01 6030569                    /usr/lib/x86_64-linux-gnu/libXrender.so.1.3.0
7f4c63ab3000-7f4c63ab4000 rw-p 00009000 08:01 6030569                    /usr/lib/x86_64-linux-gnu/libXrender.so.1.3.0
7f4c63ab4000-7f4c63be9000 r-xp 00000000 08:01 6031754                    /usr/lib/x86_64-linux-gnu/libX11.so.6.3.0
7f4c63be9000-7f4c63de9000 ---p 00135000 08:01 6031754                    /usr/lib/x86_64-linux-gnu/libX11.so.6.3.0
7f4c63de9000-7f4c63dea000 r--p 00135000 08:01 6031754                    /usr/lib/x86_64-linux-gnu/libX11.so.6.3.0
7f4c63dea000-7f4c63dee000 rw-p 00136000 08:01 6031754                    /usr/lib/x86_64-linux-gnu/libX11.so.6.3.0
7f4c63dee000-7f4c63dff000 r-xp 00000000 08:01 6031757                    /usr/lib/x86_64-linux-gnu/libXext.so.6.4.0
7f4c63dff000-7f4c63ffe000 ---p 00011000 08:01 6031757                    /usr/lib/x86_64-linux-gnu/libXext.so.6.4.0
7f4c63ffe000-7f4c63fff000 r--p 00010000 08:01 6031757                    /usr/lib/x86_64-linux-gnu/libXext.so.6.4.0
7f4c63fff000-7f4c64000000 rw-p 00011000 08:01 6031757                    /usr/lib/x86_64-linux-gnu/libXext.so.6.4.0
7f4c64000000-7f4c643b6000 rw-p 00000000 00:00 0 
7f4c643b6000-7f4c68000000 ---p 00000000 00:00 0 
7f4c68000000-7f4c68021000 rw-p 00000000 00:00 0 
7f4c68021000-7f4c6c000000 ---p 00000000 00:00 0 
7f4c6c000000-7f4c6c021000 rw-p 00000000 00:00 0 
7f4c6c021000-7f4c70000000 ---p 00000000 00:00 0 
7f4c70000000-7f4c7010d000 rw-p 00000000 00:00 0 
7f4c7010d000-7f4c74000000 ---p 00000000 00:00 0 
7f4c74000000-7f4c74021000 rw-p 00000000 00:00 0 
7f4c74021000-7f4c78000000 ---p 00000000 00:00 0 
7f4c78000000-7f4c78021000 rw-p 00000000 00:00 0 
7f4c78021000-7f4c7c000000 ---p 00000000 00:00 0 
7f4c7c000000-7f4c7c021000 rw-p 00000000 00:00 0 
7f4c7c021000-7f4c80000000 ---p 00000000 00:00 0 
7f4c80000000-7f4c80021000 rw-p 00000000 00:00 0 
7f4c80021000-7f4c84000000 ---p 00000000 00:00 0 
7f4c84000000-7f4c84021000 rw-p 00000000 00:00 0 
7f4c84021000-7f4c88000000 ---p 00000000 00:00 0 
7f4c88000000-7f4c88001000 r--s 00000000 08:01 6953965                    /var/cache/fontconfig/0d8c3b2ac0904cb8a57a757ad11a4a08-le64.cache-6
7f4c88001000-7f4c88005000 r--s 00000000 08:01 6953962                    /var/cache/fontconfig/de156ccd2eddbdc19d37a45b8b2aac9c-le64.cache-6
7f4c88005000-7f4c8801a000 r--s 00000000 08:01 6953956                    /var/cache/fontconfig/04aabc0a78ac019cf9454389977116d2-le64.cache-6
7f4c8801a000-7f4c8801b000 r--s 00000000 08:01 6953960                    /var/cache/fontconfig/1ac9eb803944fde146138c791f5cc56a-le64.cache-6
7f4c8801b000-7f4c8801f000 r--s 00000000 08:01 6953955                    /var/cache/fontconfig/385c0604a188198f04d133e54aba7fe7-le64.cache-6
7f4c8801f000-7f4c88020000 r--s 00000000 08:01 6953958                    /var/cache/fontconfig/dc05db6664285cc2f12bf69c139ae4c3-le64.cache-6
7f4c88020000-7f4c88023000 r--s 00000000 08:01 6953957                    /var/cache/fontconfig/767a8244fc0220cfb567a839d0392e0b-le64.cache-6
7f4c88023000-7f4c88024000 r--s 00000000 08:01 6953954                    /var/cache/fontconfig/4794a0821666d79190d59a36cb4f44b5-le64.cache-6
7f4c88024000-7f4c88029000 r--s 00000000 08:01 6953953                    /var/cache/fontconfig/8801497958630a81b71ace7c5f9b32a8-le64.cache-6
7f4c88029000-7f4c8802d000 r--s 00000000 08:01 6953950                    /var/cache/fontconfig/c57959a16110560c8d0fcea73374aeeb-le64.cache-6
7f4c8802d000-7f4c8802e000 r--s 00000000 08:01 6953948                    /var/cache/fontconfig/bab58bb527bb656aaa9f116d68a48d89-le64.cache-6
7f4c8802e000-7f4c88035000 r--s 00000000 08:01 6953943                    /var/cache/fontconfig/3047814df9a2f067bd2d96a2b9c36e5a-le64.cache-6
7f4c88035000-7f4c88036000 r--s 00000000 08:01 6953952                    /var/cache/fontconfig/56cf4f4769d0f4abc89a4895d7bd3ae1-le64.cache-6
7f4c88036000-7f4c88037000 r--s 00000000 08:01 6953951                    /var/cache/fontconfig/b9d506c9ac06c20b433354fa67a72993-le64.cache-6
7f4c88037000-7f4c8803d000 r--s 00000000 08:01 6953940                    /var/cache/fontconfig/b47c4e1ecd0709278f4910c18777a504-le64.cache-6
7f4c8803d000-7f4c88050000 r--s 00000000 08:01 6953949                    /var/cache/fontconfig/d52a8644073d54c13679302ca1180695-le64.cache-6
7f4c88050000-7f4c88051000 r--s 00000000 08:01 6953939                    /var/cache/fontconfig/551ecf3b0e8b0bca0f25c0944f561853-le64.cache-6
7f4c88051000-7f4c88052000 r--s 00000000 08:01 6947777                    /var/cache/fontconfig/8a687c406b77f27d99abfeeba937fcce-le64.cache-6
7f4c88052000-7f4c8805d000 r--s 00000000 08:01 6953938                    /var/cache/fontconfig/d589a48862398ed80a3d6066f4f56f4c-le64.cache-6
7f4c8805d000-7f4c8805e000 r--s 00000000 08:01 6948589                    /var/cache/fontconfig/30829fa25452a46451e813d634d7f916-le64.cache-6
7f4c8805e000-7f4c8805f000 r--s 00000000 08:01 6948588                    /var/cache/fontconfig/0c9eb80ebd1c36541ebe2852d3bb0c49-le64.cache-6
7f4c8805f000-7f4c88062000 r--s 00000000 08:01 6953935                    /var/cache/fontconfig/75114ca45c98e8a441da0ff356701271-le64.cache-6
7f4c88062000-7f4c8806d000 r--s 00000000 08:01 6949970                    /var/cache/fontconfig/83bf95040141907cd45bb53cf7c1c148-le64.cache-6
7f4c8806d000-7f4c8807f000 r--s 00000000 08:01 6949969                    /var/cache/fontconfig/9b89f8e3dae116d678bbf48e5f21f69b-le64.cache-6
7f4c8807f000-7f4c88088000 r--s 00000000 08:01 6948587                    /var/cache/fontconfig/d0972c3d32f097851eb916381fc38920-le64.cache-6
7f4c88088000-7f4c88089000 r--s 00000000 08:01 6948586                    /var/cache/fontconfig/c277e94e32b20404286a1ddafa5a80f0-le64.cache-6
7f4c88089000-7f4c8808c000 r--s 00000000 08:01 6946943                    /var/cache/fontconfig/e13b20fdb08344e0e664864cc2ede53d-le64.cache-6
7f4c8808c000-7f4c88090000 r--s 00000000 08:01 6947023                    /var/cache/fontconfig/7ef2298fde41cc6eeb7af42e48b7d293-le64.cache-6
7f4c880a8000-7f4c880ab000 ---p 00000000 00:00 0 
7f4c880ab000-7f4c881a9000 rw-p 00000000 00:00 0 
7f4c881a9000-7f4c881bc000 r--s 00345000 08:01 6163057                    /usr/lib/jvm/java-8-openjdk-amd64/jre/lib/resources.jar
7f4c881bc000-7f4c881c3000 r--s 00000000 08:01 6426402                    /usr/lib/x86_64-linux-gnu/gconv/gconv-modules.cache
7f4c881c3000-7f4c881e8000 r--p 00000000 08:01 9176496                    /usr/share/locale-langpack/pl/LC_MESSAGES/libc.mo
7f4c881e8000-7f4c8823c000 r-xp 00000000 08:01 6163046                    /usr/lib/jvm/java-8-openjdk-amd64/jre/lib/amd64/libawt_xawt.so
7f4c8823c000-7f4c8843c000 ---p 00054000 08:01 6163046                    /usr/lib/jvm/java-8-openjdk-amd64/jre/lib/amd64/libawt_xawt.so
7f4c8843c000-7f4c8843d000 r--p 00054000 08:01 6163046                    /usr/lib/jvm/java-8-openjdk-amd64/jre/lib/amd64/libawt_xawt.so
7f4c8843d000-7f4c88440000 rw-p 00055000 08:01 6163046                    /usr/lib/jvm/java-8-openjdk-amd64/jre/lib/amd64/libawt_xawt.so
7f4c88440000-7f4c88441000 rw-p 00000000 00:00 0 
7f4c88441000-7f4c884e1000 r-xp 00000000 08:01 6163018                    /usr/lib/jvm/java-8-openjdk-amd64/jre/lib/amd64/libawt.so
7f4c884e1000-7f4c886e1000 ---p 000a0000 08:01 6163018                    /usr/lib/jvm/java-8-openjdk-amd64/jre/lib/amd64/libawt.so
7f4c886e1000-7f4c886e2000 r--p 000a0000 08:01 6163018                    /usr/lib/jvm/java-8-openjdk-amd64/jre/lib/amd64/libawt.so
7f4c886e2000-7f4c886ed000 rw-p 000a1000 08:01 6163018                    /usr/lib/jvm/java-8-openjdk-amd64/jre/lib/amd64/libawt.so
7f4c886ed000-7f4c88712000 rw-p 00000000 00:00 0 
7f4c88712000-7f4c88718000 r--s 002f8000 08:01 6163071                    /usr/lib/jvm/java-8-openjdk-amd64/jre/lib/charsets.jar
7f4c88718000-7f4c8873f000 r--s 001f6000 08:01 14944916                   /home/vigo/workspace/SIG/commons-math3-3.6.1/commons-math3-3.6.1.jar
7f4c8873f000-7f4c88750000 r--s 00169000 08:01 14818023                   /home/vigo/workspace/SIG/jfreechart-1.0.17.jar
7f4c88750000-7f4c8876b000 r--s 001d7000 08:01 6292650                    /usr/lib/jvm/java-8-openjdk-amd64/jre/lib/ext/nashorn.jar
7f4c8876b000-7f4c88787000 r--s 00393000 08:01 6292654                    /usr/lib/jvm/java-8-openjdk-amd64/jre/lib/ext/cldrdata.jar
7f4c88787000-7f4c88788000 ---p 00000000 00:00 0 
7f4c88788000-7f4c88888000 rw-p 00000000 00:00 0 
7f4c88888000-7f4c8888b000 ---p 00000000 00:00 0 
7f4c8888b000-7f4c88989000 rw-p 00000000 00:00 0 
7f4c88989000-7f4c8898c000 ---p 00000000 00:00 0 
7f4c8898c000-7f4c88a8a000 rw-p 00000000 00:00 0 
7f4c88a8a000-7f4c88a8d000 ---p 00000000 00:00 0 
7f4c88a8d000-7f4c88b8b000 rw-p 00000000 00:00 0 
7f4c88b8b000-7f4c88b8e000 ---p 00000000 00:00 0 
7f4c88b8e000-7f4c88c8c000 rw-p 00000000 00:00 0 
7f4c88c8c000-7f4c89095000 r--p 00000000 08:01 6036772                    /usr/lib/locale/locale-archive
7f4c89095000-7f4c89098000 ---p 00000000 00:00 0 
7f4c89098000-7f4c89196000 rw-p 00000000 00:00 0 
7f4c89196000-7f4c89199000 ---p 00000000 00:00 0 
7f4c89199000-7f4c89297000 rw-p 00000000 00:00 0 
7f4c89297000-7f4c89298000 ---p 00000000 00:00 0 
7f4c89298000-7f4c89ce3000 rw-p 00000000 00:00 0 
7f4c89ce3000-7f4c89eb1000 r--s 03beb000 08:01 6163069                    /usr/lib/jvm/java-8-openjdk-amd64/jre/lib/rt.jar
7f4c89eb1000-7f4c8bf97000 rw-p 00000000 00:00 0 
7f4c8bf97000-7f4c8bf98000 ---p 00000000 00:00 0 
7f4c8bf98000-7f4c8c098000 rw-p 00000000 00:00 0 
7f4c8c098000-7f4c8c099000 ---p 00000000 00:00 0 
7f4c8c099000-7f4c8c1a9000 rw-p 00000000 00:00 0 
7f4c8c1a9000-7f4c8c28f000 ---p 00000000 00:00 0 
7f4c8c28f000-7f4c8c29f000 rw-p 00000000 00:00 0 
7f4c8c29f000-7f4c8c384000 ---p 00000000 00:00 0 
7f4c8c384000-7f4c8c38c000 rw-p 00000000 00:00 0 
7f4c8c38c000-7f4c8c3ff000 ---p 00000000 00:00 0 
7f4c8c3ff000-7f4c8c40d000 rw-p 00000000 00:00 0 
7f4c8c40d000-7f4c8c7c0000 ---p 00000000 00:00 0 
7f4c8c7c0000-7f4c8cb00000 rwxp 00000000 00:00 0 
7f4c8cb00000-7f4c9b7c0000 ---p 00000000 00:00 0 
7f4c9b7c0000-7f4c9b7c8000 r-xp 00000000 08:01 6163028                    /usr/lib/jvm/java-8-openjdk-amd64/jre/lib/amd64/libzip.so
7f4c9b7c8000-7f4c9b9c7000 ---p 00008000 08:01 6163028                    /usr/lib/jvm/java-8-openjdk-amd64/jre/lib/amd64/libzip.so
7f4c9b9c7000-7f4c9b9c8000 r--p 00007000 08:01 6163028                    /usr/lib/jvm/java-8-openjdk-amd64/jre/lib/amd64/libzip.so
7f4c9b9c8000-7f4c9b9c9000 rw-p 00008000 08:01 6163028                    /usr/lib/jvm/java-8-openjdk-amd64/jre/lib/amd64/libzip.so
7f4c9b9c9000-7f4c9b9d4000 r-xp 00000000 08:01 14418382                   /lib/x86_64-linux-gnu/libnss_files-2.23.so
7f4c9b9d4000-7f4c9bbd3000 ---p 0000b000 08:01 14418382                   /lib/x86_64-linux-gnu/libnss_files-2.23.so
7f4c9bbd3000-7f4c9bbd4000 r--p 0000a000 08:01 14418382                   /lib/x86_64-linux-gnu/libnss_files-2.23.so
7f4c9bbd4000-7f4c9bbd5000 rw-p 0000b000 08:01 14418382                   /lib/x86_64-linux-gnu/libnss_files-2.23.so
7f4c9bbd5000-7f4c9bbdb000 rw-p 00000000 00:00 0 
7f4c9bbdb000-7f4c9bbe6000 r-xp 00000000 08:01 14418379                   /lib/x86_64-linux-gnu/libnss_nis-2.23.so
7f4c9bbe6000-7f4c9bde5000 ---p 0000b000 08:01 14418379                   /lib/x86_64-linux-gnu/libnss_nis-2.23.so
7f4c9bde5000-7f4c9bde6000 r--p 0000a000 08:01 14418379                   /lib/x86_64-linux-gnu/libnss_nis-2.23.so
7f4c9bde6000-7f4c9bde7000 rw-p 0000b000 08:01 14418379                   /lib/x86_64-linux-gnu/libnss_nis-2.23.so
7f4c9bde7000-7f4c9bdfd000 r-xp 00000000 08:01 14418377                   /lib/x86_64-linux-gnu/libnsl-2.23.so
7f4c9bdfd000-7f4c9bffc000 ---p 00016000 08:01 14418377                   /lib/x86_64-linux-gnu/libnsl-2.23.so
7f4c9bffc000-7f4c9bffd000 r--p 00015000 08:01 14418377                   /lib/x86_64-linux-gnu/libnsl-2.23.so
7f4c9bffd000-7f4c9bffe000 rw-p 00016000 08:01 14418377                   /lib/x86_64-linux-gnu/libnsl-2.23.so
7f4c9bffe000-7f4c9c000000 rw-p 00000000 00:00 0 
7f4c9c000000-7f4c9c42b000 rw-p 00000000 00:00 0 
7f4c9c42b000-7f4ca0000000 ---p 00000000 00:00 0 
7f4ca0000000-7f4ca0006000 r--s 000f8000 08:01 14821322                   /home/vigo/workspace/SIG/src/ij-1.35.jar
7f4ca0006000-7f4ca000c000 r--s 0004a000 08:01 14818022                   /home/vigo/workspace/SIG/jcommon-1.0.21.jar
7f4ca000c000-7f4ca000f000 r--s 0001b000 08:01 14818020                   /home/vigo/workspace/SIG/forms-1.3.0.jar
7f4ca000f000-7f4ca0011000 r--s 00013000 08:01 14818024                   /home/vigo/workspace/SIG/miglayout15-swing.jar
7f4ca0011000-7f4ca0014000 r--s 0000f000 08:01 6292659                    /usr/lib/jvm/java-8-openjdk-amd64/jre/lib/ext/icedtea-sound.jar
7f4ca0014000-7f4ca001e000 r--s 00116000 08:01 6292660                    /usr/lib/jvm/java-8-openjdk-amd64/jre/lib/ext/localedata.jar
7f4ca001e000-7f4ca003f000 rw-p 00000000 00:00 0 
7f4ca003f000-7f4ca0047000 r-xp 00000000 08:01 14418375                   /lib/x86_64-linux-gnu/libnss_compat-2.23.so
7f4ca0047000-7f4ca0246000 ---p 00008000 08:01 14418375                   /lib/x86_64-linux-gnu/libnss_compat-2.23.so
7f4ca0246000-7f4ca0247000 r--p 00007000 08:01 14418375                   /lib/x86_64-linux-gnu/libnss_compat-2.23.so
7f4ca0247000-7f4ca0248000 rw-p 00008000 08:01 14418375                   /lib/x86_64-linux-gnu/libnss_compat-2.23.so
7f4ca0248000-7f4ca0275000 r-xp 00000000 08:01 6163013                    /usr/lib/jvm/java-8-openjdk-amd64/jre/lib/amd64/libjava.so
7f4ca0275000-7f4ca0474000 ---p 0002d000 08:01 6163013                    /usr/lib/jvm/java-8-openjdk-amd64/jre/lib/amd64/libjava.so
7f4ca0474000-7f4ca0475000 r--p 0002c000 08:01 6163013                    /usr/lib/jvm/java-8-openjdk-amd64/jre/lib/amd64/libjava.so
7f4ca0475000-7f4ca0477000 rw-p 0002d000 08:01 6163013                    /usr/lib/jvm/java-8-openjdk-amd64/jre/lib/amd64/libjava.so
7f4ca0477000-7f4ca0486000 r-xp 00000000 08:01 6163014                    /usr/lib/jvm/java-8-openjdk-amd64/jre/lib/amd64/libverify.so
7f4ca0486000-7f4ca0685000 ---p 0000f000 08:01 6163014                    /usr/lib/jvm/java-8-openjdk-amd64/jre/lib/amd64/libverify.so
7f4ca0685000-7f4ca0687000 r--p 0000e000 08:01 6163014                    /usr/lib/jvm/java-8-openjdk-amd64/jre/lib/amd64/libverify.so
7f4ca0687000-7f4ca0688000 rw-p 00010000 08:01 6163014                    /usr/lib/jvm/java-8-openjdk-amd64/jre/lib/amd64/libverify.so
7f4ca0688000-7f4ca068f000 r-xp 00000000 08:01 14418391                   /lib/x86_64-linux-gnu/librt-2.23.so
7f4ca068f000-7f4ca088e000 ---p 00007000 08:01 14418391                   /lib/x86_64-linux-gnu/librt-2.23.so
7f4ca088e000-7f4ca088f000 r--p 00006000 08:01 14418391                   /lib/x86_64-linux-gnu/librt-2.23.so
7f4ca088f000-7f4ca0890000 rw-p 00007000 08:01 14418391                   /lib/x86_64-linux-gnu/librt-2.23.so
7f4ca0890000-7f4ca08a6000 r-xp 00000000 08:01 14418609                   /lib/x86_64-linux-gnu/libgcc_s.so.1
7f4ca08a6000-7f4ca0aa5000 ---p 00016000 08:01 14418609                   /lib/x86_64-linux-gnu/libgcc_s.so.1
7f4ca0aa5000-7f4ca0aa6000 rw-p 00015000 08:01 14418609                   /lib/x86_64-linux-gnu/libgcc_s.so.1
7f4ca0aa6000-7f4ca0bae000 r-xp 00000000 08:01 14418388                   /lib/x86_64-linux-gnu/libm-2.23.so
7f4ca0bae000-7f4ca0dad000 ---p 00108000 08:01 14418388                   /lib/x86_64-linux-gnu/libm-2.23.so
7f4ca0dad000-7f4ca0dae000 r--p 00107000 08:01 14418388                   /lib/x86_64-linux-gnu/libm-2.23.so
7f4ca0dae000-7f4ca0daf000 rw-p 00108000 08:01 14418388                   /lib/x86_64-linux-gnu/libm-2.23.so
7f4ca0daf000-7f4ca0f21000 r-xp 00000000 08:01 6034820                    /usr/lib/x86_64-linux-gnu/libstdc++.so.6.0.21
7f4ca0f21000-7f4ca1121000 ---p 00172000 08:01 6034820                    /usr/lib/x86_64-linux-gnu/libstdc++.so.6.0.21
7f4ca1121000-7f4ca112b000 r--p 00172000 08:01 6034820                    /usr/lib/x86_64-linux-gnu/libstdc++.so.6.0.21
7f4ca112b000-7f4ca112d000 rw-p 0017c000 08:01 6034820                    /usr/lib/x86_64-linux-gnu/libstdc++.so.6.0.21
7f4ca112d000-7f4ca1131000 rw-p 00000000 00:00 0 
7f4ca1131000-7f4ca1d77000 r-xp 00000000 08:01 6163026                    /usr/lib/jvm/java-8-openjdk-amd64/jre/lib/amd64/server/libjvm.so
7f4ca1d77000-7f4ca1f77000 ---p 00c46000 08:01 6163026                    /usr/lib/jvm/java-8-openjdk-amd64/jre/lib/amd64/server/libjvm.so
7f4ca1f77000-7f4ca200a000 r--p 00c46000 08:01 6163026                    /usr/lib/jvm/java-8-openjdk-amd64/jre/lib/amd64/server/libjvm.so
7f4ca200a000-7f4ca2032000 rw-p 00cd9000 08:01 6163026                    /usr/lib/jvm/java-8-openjdk-amd64/jre/lib/amd64/server/libjvm.so
7f4ca2032000-7f4ca2062000 rw-p 00000000 00:00 0 
7f4ca2062000-7f4ca207a000 r-xp 00000000 08:01 14418395                   /lib/x86_64-linux-gnu/libpthread-2.23.so
7f4ca207a000-7f4ca2279000 ---p 00018000 08:01 14418395                   /lib/x86_64-linux-gnu/libpthread-2.23.so
7f4ca2279000-7f4ca227a000 r--p 00017000 08:01 14418395                   /lib/x86_64-linux-gnu/libpthread-2.23.so
7f4ca227a000-7f4ca227b000 rw-p 00018000 08:01 14418395                   /lib/x86_64-linux-gnu/libpthread-2.23.so
7f4ca227b000-7f4ca227f000 rw-p 00000000 00:00 0 
7f4ca227f000-7f4ca2282000 r-xp 00000000 08:01 14418397                   /lib/x86_64-linux-gnu/libdl-2.23.so
7f4ca2282000-7f4ca2481000 ---p 00003000 08:01 14418397                   /lib/x86_64-linux-gnu/libdl-2.23.so
7f4ca2481000-7f4ca2482000 r--p 00002000 08:01 14418397                   /lib/x86_64-linux-gnu/libdl-2.23.so
7f4ca2482000-7f4ca2483000 rw-p 00003000 08:01 14418397                   /lib/x86_64-linux-gnu/libdl-2.23.so
7f4ca2483000-7f4ca249c000 r-xp 00000000 08:01 14418601                   /lib/x86_64-linux-gnu/libz.so.1.2.8
7f4ca249c000-7f4ca269b000 ---p 00019000 08:01 14418601                   /lib/x86_64-linux-gnu/libz.so.1.2.8
7f4ca269b000-7f4ca269c000 r--p 00018000 08:01 14418601                   /lib/x86_64-linux-gnu/libz.so.1.2.8
7f4ca269c000-7f4ca269d000 rw-p 00019000 08:01 14418601                   /lib/x86_64-linux-gnu/libz.so.1.2.8
7f4ca269d000-7f4ca285d000 r-xp 00000000 08:01 14418396                   /lib/x86_64-linux-gnu/libc-2.23.so
7f4ca285d000-7f4ca2a5c000 ---p 001c0000 08:01 14418396                   /lib/x86_64-linux-gnu/libc-2.23.so
7f4ca2a5c000-7f4ca2a60000 r--p 001bf000 08:01 14418396                   /lib/x86_64-linux-gnu/libc-2.23.so
7f4ca2a60000-7f4ca2a62000 rw-p 001c3000 08:01 14418396                   /lib/x86_64-linux-gnu/libc-2.23.so
7f4ca2a62000-7f4ca2a66000 rw-p 00000000 00:00 0 
7f4ca2a66000-7f4ca2a73000 r-xp 00000000 08:01 6163044                    /usr/lib/jvm/java-8-openjdk-amd64/jre/lib/amd64/jli/libjli.so
7f4ca2a73000-7f4ca2c73000 ---p 0000d000 08:01 6163044                    /usr/lib/jvm/java-8-openjdk-amd64/jre/lib/amd64/jli/libjli.so
7f4ca2c73000-7f4ca2c74000 r--p 0000d000 08:01 6163044                    /usr/lib/jvm/java-8-openjdk-amd64/jre/lib/amd64/jli/libjli.so
7f4ca2c74000-7f4ca2c75000 rw-p 0000e000 08:01 6163044                    /usr/lib/jvm/java-8-openjdk-amd64/jre/lib/amd64/jli/libjli.so
7f4ca2c75000-7f4ca2c9b000 r-xp 00000000 08:01 14418392                   /lib/x86_64-linux-gnu/ld-2.23.so
7f4ca2c9b000-7f4ca2c9c000 r--s 0000a000 08:01 6292656                    /usr/lib/jvm/java-8-openjdk-amd64/jre/lib/ext/jaccess.jar
7f4ca2c9c000-7f4ca2c9d000 r--s 00010000 08:01 6292657                    /usr/lib/jvm/java-8-openjdk-amd64/jre/lib/ext/zipfs.jar
7f4ca2c9d000-7f4ca2c9f000 r--s 00001000 08:01 6292653                    /usr/lib/jvm/java-8-openjdk-amd64/jre/lib/ext/dnsns.jar
7f4ca2c9f000-7f4ca2ca3000 r--s 00037000 08:01 6292661                    /usr/lib/jvm/java-8-openjdk-amd64/jre/lib/ext/sunpkcs11.jar
7f4ca2ca3000-7f4ca2ca8000 r--s 0003b000 08:01 6292658                    /usr/lib/jvm/java-8-openjdk-amd64/jre/lib/ext/sunjce_provider.jar
7f4ca2ca8000-7f4ca2d78000 rw-p 00000000 00:00 0 
7f4ca2d78000-7f4ca2d7b000 ---p 00000000 00:00 0 
7f4ca2d7b000-7f4ca2e7e000 rw-p 00000000 00:00 0 
7f4ca2e7e000-7f4ca2e7f000 r--s 00008000 08:01 6292655                    /usr/lib/jvm/java-8-openjdk-amd64/jre/lib/ext/sunec.jar
7f4ca2e7f000-7f4ca2e8e000 rw-p 00000000 00:00 0 
7f4ca2e8e000-7f4ca2e96000 rw-s 00000000 08:01 14024748                   /tmp/hsperfdata_vigo/19943
7f4ca2e96000-7f4ca2e97000 rw-p 00000000 00:00 0 
7f4ca2e97000-7f4ca2e98000 r--p 00000000 00:00 0 
7f4ca2e98000-7f4ca2e9a000 rw-p 00000000 00:00 0 
7f4ca2e9a000-7f4ca2e9b000 r--p 00025000 08:01 14418392                   /lib/x86_64-linux-gnu/ld-2.23.so
7f4ca2e9b000-7f4ca2e9c000 rw-p 00026000 08:01 14418392                   /lib/x86_64-linux-gnu/ld-2.23.so
7f4ca2e9c000-7f4ca2e9d000 rw-p 00000000 00:00 0 
7fff82e43000-7fff82e64000 rw-p 00000000 00:00 0                          [stack]
7fff82fc6000-7fff82fc8000 r--p 00000000 00:00 0                          [vvar]
7fff82fc8000-7fff82fca000 r-xp 00000000 00:00 0                          [vdso]
ffffffffff600000-ffffffffff601000 r-xp 00000000 00:00 0                  [vsyscall]

VM Arguments:
jvm_args: -Dfile.encoding=UTF-8 
java_command: modules.Plot_example
java_class_path (initial): /home/vigo/workspace/SIG/bin:/home/vigo/workspace/SIG/miglayout15-swing.jar:/home/vigo/workspace/SIG/forms-1.3.0.jar:/home/vigo/workspace/SIG/jfreechart-1.0.17.jar:/home/vigo/workspace/SIG/jcommon-1.0.21.jar:/home/vigo/workspace/SIG/commons-math3-3.6.1/commons-math3-3.6.1.jar:/home/vigo/workspace/SIG/src/ij-1.35.jar
Launcher Type: SUN_STANDARD

Environment Variables:
PATH=/usr/local/sbin:/usr/local/bin:/usr/sbin:/usr/bin:/sbin:/bin:/usr/games:/usr/local/games:/snap/bin
SHELL=/bin/bash
DISPLAY=:0

Signal Handlers:
SIGSEGV: [libjvm.so+0xa5e970], sa_mask[0]=11111111011111111101111111111110, sa_flags=SA_RESTART|SA_SIGINFO
SIGBUS: [libjvm.so+0xa5e970], sa_mask[0]=11111111011111111101111111111110, sa_flags=SA_RESTART|SA_SIGINFO
SIGFPE: [libjvm.so+0x8a9ff0], sa_mask[0]=11111111011111111101111111111110, sa_flags=SA_RESTART|SA_SIGINFO
SIGPIPE: [libjvm.so+0x8a9ff0], sa_mask[0]=11111111011111111101111111111110, sa_flags=SA_RESTART|SA_SIGINFO
SIGXFSZ: [libjvm.so+0x8a9ff0], sa_mask[0]=11111111011111111101111111111110, sa_flags=SA_RESTART|SA_SIGINFO
SIGILL: [libjvm.so+0x8a9ff0], sa_mask[0]=11111111011111111101111111111110, sa_flags=SA_RESTART|SA_SIGINFO
SIGUSR1: SIG_DFL, sa_mask[0]=00000000000000000000000000000000, sa_flags=none
SIGUSR2: [libjvm.so+0x8a9ea0], sa_mask[0]=00100000000000000000000000000000, sa_flags=SA_RESTART|SA_SIGINFO
SIGHUP: [libjvm.so+0x8aa370], sa_mask[0]=11111111011111111101111111111110, sa_flags=SA_RESTART|SA_SIGINFO
SIGINT: [libjvm.so+0x8aa370], sa_mask[0]=11111111011111111101111111111110, sa_flags=SA_RESTART|SA_SIGINFO
SIGTERM: [libjvm.so+0x8aa370], sa_mask[0]=11111111011111111101111111111110, sa_flags=SA_RESTART|SA_SIGINFO
SIGQUIT: [libjvm.so+0x8aa370], sa_mask[0]=11111111011111111101111111111110, sa_flags=SA_RESTART|SA_SIGINFO


---------------  S Y S T E M  ---------------

OS:DISTRIB_ID=Ubuntu
DISTRIB_RELEASE=16.04
DISTRIB_CODENAME=xenial
DISTRIB_DESCRIPTION="Ubuntu 16.04.1 LTS"

uname:Linux 4.4.0-31-generic #50-Ubuntu SMP Wed Jul 13 00:07:12 UTC 2016 x86_64
libc:glibc 2.23 NPTL 2.23 
rlimit: STACK 8192k, CORE 0k, NPROC 11595, NOFILE 65536, AS infinity
load average:2,03 0,64 0,45

/proc/meminfo:
MemTotal:        3007264 kB
MemFree:         1620960 kB
MemAvailable:    1876864 kB
Buffers:           35828 kB
Cached:           707820 kB
SwapCached:         7988 kB
Active:           737780 kB
Inactive:         528676 kB
Active(anon):     518104 kB
Inactive(anon):   375532 kB
Active(file):     219676 kB
Inactive(file):   153144 kB
Unevictable:         108 kB
Mlocked:             108 kB
SwapTotal:       3071996 kB
SwapFree:        2916196 kB
Dirty:                96 kB
Writeback:             0 kB
AnonPages:        521504 kB
Mapped:            71392 kB
Shmem:            370640 kB
Slab:              67792 kB
SReclaimable:      37008 kB
SUnreclaim:        30784 kB
KernelStack:        6848 kB
PageTables:        12644 kB
NFS_Unstable:          0 kB
Bounce:                0 kB
WritebackTmp:          0 kB
CommitLimit:     4575628 kB
Committed_AS:    2381892 kB
VmallocTotal:   34359738367 kB
VmallocUsed:           0 kB
VmallocChunk:          0 kB
HardwareCorrupted:     0 kB
AnonHugePages:    368640 kB
CmaTotal:              0 kB
CmaFree:               0 kB
HugePages_Total:       0
HugePages_Free:        0
HugePages_Rsvd:        0
HugePages_Surp:        0
Hugepagesize:       2048 kB
DirectMap4k:      121496 kB
DirectMap2M:     2951168 kB


CPU:total 2 (2 cores per cpu, 1 threads per core) family 6 model 15 stepping 13, cmov, cx8, fxsr, mmx, sse, sse2, sse3, ssse3, tsc

/proc/cpuinfo:
processor	: 0
vendor_id	: GenuineIntel
cpu family	: 6
model		: 15
model name	: Intel(R) Pentium(R) Dual  CPU  T3400  @ 2.16GHz
stepping	: 13
microcode	: 0xa3
cpu MHz		: 2166.000
cache size	: 1024 KB
physical id	: 0
siblings	: 2
core id		: 0
cpu cores	: 2
apicid		: 0
initial apicid	: 0
fpu		: yes
fpu_exception	: yes
cpuid level	: 10
wp		: yes
flags		: fpu vme de pse tsc msr pae mce cx8 apic sep mtrr pge mca cmov pat pse36 clflush dts acpi mmx fxsr sse sse2 ss ht tm pbe syscall nx lm constant_tsc arch_perfmon pebs bts nopl aperfmperf pni dtes64 monitor ds_cpl est tm2 ssse3 cx16 xtpr pdcm lahf_lm dtherm
bugs		:
bogomips	: 4322.41
clflush size	: 64
cache_alignment	: 64
address sizes	: 36 bits physical, 48 bits virtual
power management:

processor	: 1
vendor_id	: GenuineIntel
cpu family	: 6
model		: 15
model name	: Intel(R) Pentium(R) Dual  CPU  T3400  @ 2.16GHz
stepping	: 13
microcode	: 0xa3
cpu MHz		: 2166.000
cache size	: 1024 KB
physical id	: 0
siblings	: 2
core id		: 1
cpu cores	: 2
apicid		: 1
initial apicid	: 1
fpu		: yes
fpu_exception	: yes
cpuid level	: 10
wp		: yes
flags		: fpu vme de pse tsc msr pae mce cx8 apic sep mtrr pge mca cmov pat pse36 clflush dts acpi mmx fxsr sse sse2 ss ht tm pbe syscall nx lm constant_tsc arch_perfmon pebs bts nopl aperfmperf pni dtes64 monitor ds_cpl est tm2 ssse3 cx16 xtpr pdcm lahf_lm dtherm
bugs		:
bogomips	: 4322.41
clflush size	: 64
cache_alignment	: 64
address sizes	: 36 bits physical, 48 bits virtual
power management:



Memory: 4k page, physical 3007264k(1620960k free), swap 3071996k(2916196k free)

vm_info: OpenJDK 64-Bit Server VM (25.91-b14) for linux-amd64 JRE (1.8.0_91-8u91-b14-3ubuntu1~16.04.1-b14), built on Jul 21 2016 04:13:34 by "buildd" with gcc 5.3.1 20160413

time: Tue Aug  9 15:50:26 2016
elapsed time: 10641 seconds (0d 2h 57m 21s)

